<?xml version="1.0" encoding="utf-8"?><testsuites name="pytest tests"><testsuite name="pytest" errors="0" failures="0" skipped="0" tests="6" time="2.667" timestamp="2026-08-13T16:08:52.600972+00:00" hostname="agent-env-3da96422-4ddf-456c-b491-b63cd1ccb824"><testcase classname="tests.backend_test" name="test_plans_public" time="0.337" /><testcase classname="tests.backend_test" name="test_site_public" time="0.061" /><testcase classname="tests.backend_test" name="test_admin_site_put_and_persist" time="0.543" /><testcase classname="tests.backend_test" name="test_inscription_pack_emploi_stage_alt" time="0.407" /><testcase classname="tests.backend_test" name="test_inscription_pack_emploi_cdi" time="0.359" /><testcase classname="tests.backend_test" name="test_admin_payment_links_get_put" time="0.333" /></testsuite></testsuites>