<?xml version="1.0" encoding="utf-8"?><testsuites name="pytest tests"><testsuite name="pytest" errors="0" failures="0" skipped="0" tests="7" time="2.986" timestamp="2026-08-14T12:10:04.240616+00:00" hostname="agent-env-3da96422-4ddf-456c-b491-b63cd1ccb824"><testcase classname="tests.backend_test" name="test_plans_public" time="0.347" /><testcase classname="tests.backend_test" name="test_admin_update_pack_emploi_variants_and_reset" time="0.658" /><testcase classname="tests.backend_test" name="test_site_public" time="0.069" /><testcase classname="tests.backend_test" name="test_admin_site_put_and_persist" time="0.275" /><testcase classname="tests.backend_test" name="test_inscription_pack_emploi_stage_alt" time="0.389" /><testcase classname="tests.backend_test" name="test_inscription_pack_emploi_cdi" time="0.335" /><testcase classname="tests.backend_test" name="test_admin_payment_links_get_put" time="0.356" /></testsuite></testsuites>